The maximal value of unsigned long long int is: 18446744073709551615
The maximal value of unsigned long int is: 18446744073709551615
The maximal value of unsigned int is: 4294967295
(98301,)
new call
375249 0 207842 171 167236              0.6358075450637095 0
375249 0 109450 501 97891              0.5690160650082738 499
375249 109951 26968 501 70422              0.5860031057602981 249
375249 137420 21399 501 48522              0.5967300733071195 187
375249 159320 9446 7 39069              0.6172880074019513 135
375249 168773 7267 433 31369              0.6228452858438676 107
375249 176473 4569 501 26299              0.6256486429155927 89
375249 181543 3579 173 22547              0.6278474040123321 75
375249 185295 2174 501 19872              0.6284585385681503 65
999 998 1000 187624.5 246.79128384100903
new call
188767 0 85794 246 102727              0.29920606194259847 0
188767 86040 27188 4 75535              0.31159417505788056 498
188767 86040 13169 233 13786              0.30445372623773004 123
188767 86040 6416 225 6528              0.3015113283863311 58
188767 92681 1430 230 4868              0.301850100492171 28
188767 94341 889 209 3770              0.30225891397833315 21
188767 94341 208 210 471              0.3021264389679921 4
188767 94341 0 208 0              0.3020906938057397 1
998 997 1000 94383.5 134.4440177462648
new call
93317 0 45790 115 47412              0.4642531343309013 0
93317 45905 11793 114 35505              0.47023840472896694 498
93317 45905 2310 122 9361              0.4656033876303134 123
93317 45905 467 113 1730              0.4645368598454347 24
93317 46485 413 93 1224              0.4649562464982093 18
93317 46485 208 114 91              0.4645824745629117 4
93317 46485 89 119 0              0.4645657010298283 2
998 997 1000 46658.5 224.15684210018168
new call
47668 0 23719 8 23941              0.3842445900175395 0
47668 23727 6896 48 16997              0.38750899785096493 497
47668 23727 3255 58 3583              0.38582726728538574 123
47668 23727 1690 49 1516              0.3850492828685894 58
47668 23727 818 57 815              0.38462439197519416 29
47668 23727 396 78 344              0.38440644149082814 14
47668 23727 175 49 172              0.3843309191067181 7
47668 23727 61 53 61              0.3842728521532095 3
996 995 1000 23834.0 186.28513436751288
new call
23227 0 11850 37 11340              0.4249675487177367 0
23227 0 5421 32 6397              0.4191575885281136 489
23227 5453 1519 33 4845              0.4206911123435688 244
23227 7005 1339 32 3474              0.42197968027187827 183
23227 8376 619 9 2846              0.4224843764637747 132
23227 9004 575 20 2251              0.4229867159217946 108
23227 9599 406 21 1824              0.42323428006461405 87
23227 10026 229 62 1533              0.42338798869526784 74
23227 10317 129 59 1345              0.42351514931348433 64
23227 10505 78 8 1259              0.4237791429871418 57
23227 10591 141 14 1104              0.42395034058704617 52
23227 10746 37 19 1048              0.4240231054403889 46
23227 10802 47 19 982              0.42408518021557384 42
23227 10868 39 25 918              0.4241663578994572 39
23227 10932 68 22 828              0.4241822609030592 36
23227 11022 11 21 796              0.42419034125312827 33
23227 11054 32 25 739              0.42423444133623356 31
23227 11111 0 29 710              0.4242398999508392 29
23227 11140 25 6 679              0.42425370486956915 28
23227 11171 0 34 645              0.42429086152998785 26
23227 11205 38 22 585              0.4242934706952841 25
23227 11265 0 37 548              0.42430504886635845 23
23227 11302 0 58 490              0.4243142875700361 22
23227 11360 0 13 477              0.4243287281941637 21
23227 11373 0 57 420              0.4243685265880046 20
23227 11430 0 0 420              0.4243685265880046 19
23227 11430 0 22 398              0.4244407404781452 19
23227 11452 0 22 376              0.4244440952568951 18
23227 11474 0 0 376              0.4244440952568951 17
23227 11474 0 12 364              0.4244800383575775 17
23227 11486 0 0 364              0.4244800383575775 16
23227 11486 0 28 336              0.4245224674659891 16
23227 11514 0 0 336              0.4245224674659891 15
23227 11514 0 32 304              0.4245487722764736 15
23227 11546 0 0 304              0.4245487722764736 14
23227 11546 0 22 282              0.4245522092854106 14
23227 11568 0 0 282              0.4245522092854106 13
23227 11568 0 0 282              0.4245522092854106 13
23227 11568 0 9 273              0.4246215153221371 13
23227 11577 0 0 273              0.4246215153221371 12
23227 11577 0 0 273              0.4246215153221371 12
23227 11577 0 26 247              0.4246292156721623 12
23227 11603 0 0 247              0.4246292156721623 11
23227 11603 0 0 247              0.4246292156721623 11
23227 11603 0 32 215              0.42467845297273854 11
979 978 1000 11613.5 199.97379965424918
new call
11798 0 6260 20 5518              0.4056920847740795 0
11798 0 2559 7 3694              0.40142053270418465 476
11798 2566 855 18 2821              0.40243689956572837 237
11798 3439 700 18 2103              0.4032138255927844 178
11798 4157 456 19 1628              0.40380984467994985 133
11798 4632 270 15 1343              0.4040731064397445 104
11798 4917 222 12 1109              0.40427252674377456 85
11798 5151 132 20 957              0.4045004730708843 72
11798 5303 65 12 880              0.4046390790182688 62
11798 5380 127 17 736              0.40488515961917315 57
11798 5524 41 12 683              0.40493743033476015 49
11798 5577 38 18 627              0.4050006581282801 45
11798 5633 30 10 587              0.405070095088929 41
11798 5673 32 11 544              0.4051027263245075 37
11798 5716 38 19 487              0.4051671950930995 35
11798 5773 13 10 464              0.40518553254182343 32
11798 5796 19 29 416              0.4052273506968813 30
11798 5844 0 20 396              0.40524486313154284 28
11798 5864 30 27 339              0.40528391898563143 27
952 951 1000 5899.0 180.4986240189645
new call
6092 0 3190 10 2892              0.3955871584698478 0
6092 0 1323 2 1865              0.39270273172095216 458
6092 1325 457 11 1397              0.39343127467320294 228
6092 1793 396 12 989              0.3940294517374223 171
6092 2201 199 12 778              0.3943278319412826 124
6092 2412 120 10 648              0.39452721137378255 99
6092 2542 105 8 535              0.3946852110454486 82
6092 2655 64 9 462              0.39480473442751496 70
6092 2728 46 4 412              0.3949161813444526 61
6092 2778 33 9 370              0.3949810945826915 53
6092 2820 45 4 321              0.3950650512587828 48
6092 2869 29 10 282              0.3951068957918409 43
6092 2908 19 1 262              0.39512982386361095 39
6092 2928 11 7 244              0.3951806559389581 36
6092 2946 2 9 233              0.39518607394054683 33
6092 2957 4 5 224              0.3952222912656147 31
6092 2966 9 9 206              0.3952346661963375 29
6092 2984 0 10 196              0.3952480826266953 27
6092 2994 7 11 178              0.39526651118249134 26
6092 3012 0 8 170              0.3952813836182294 24
6092 3020 0 8 162              0.3952868143200323 23
6092 3028 0 8 154              0.3952927234275432 22
6092 3036 0 3 151              0.3952938013931817 21
6092 3039 0 8 143              0.39531551714797963 20
917 916 1000 3046.0 172.07080635392416
new call
2866 0 1449 3 1414              0.4009428038968892 0
2866 0 666 2 781              0.39903071308735605 414
2866 668 179 6 596              0.39951676344791665 206
2866 853 158 5 433              0.39989027157401935 155
2866 1016 86 1 346              0.4001310466720813 112
2866 1103 48 2 296              0.4002727402474697 89
2866 1153 37 2 257              0.4003421124508737 74
2866 1192 35 1 221              0.4004112643107902 64
2866 1228 21 3 197              0.4004627188645511 54
2866 1252 18 6 173              0.40054411637306053 48
2866 1276 18 4 151              0.4005767075773168 43
2866 1298 12 3 136              0.4006146886819604 39
2866 1313 2 5 129              0.40062742402822593 35
2866 1320 12 1 116              0.4006730866550434 33
2866 1333 3 2 111              0.40075524910945326 30
2866 1338 6 5 100              0.4007652219923994 28
2866 1349 0 4 96              0.40076874187847444 26
2866 1353 3 1 92              0.4007799741423632 25
2866 1357 0 2 90              0.40081404172882706 23
2866 1359 0 3 87              0.400815513976541 22
2866 1362 0 6 81              0.4008183654233708 21
2866 1368 0 3 78              0.400832476303254 20
2866 1371 0 8 70              0.4008384605505064 19
2866 1379 0 3 67              0.40084488560715137 18
2866 1382 0 4 63              0.4008478869564325 17
2866 1386 0 0 63              0.4008478869564325 16
2866 1386 0 5 58              0.40085283154700946 16
2866 1391 0 0 58              0.40085283154700946 15
2866 1391 0 6 52              0.40086104203401796 15
2866 1397 0 0 52              0.40086104203401796 14
2866 1397 0 4 48              0.4008765300904358 14
2866 1401 0 0 48              0.4008765300904358 13
2866 1401 0 4 44              0.4008766758978606 13
2866 1405 0 0 44              0.4008766758978606 12
2866 1405 0 6 38              0.40088304717535195 12
2866 1411 0 0 38              0.40088304717535195 11
2866 1411 0 0 38              0.40088304717535195 11
2866 1411 0 0 38              0.40088304717535195 11
2866 1411 0 5 33              0.4008835031466891 11
2866 1416 0 0 33              0.4008835031466891 10
2866 1416 0 0 33              0.4008835031466891 10
2866 1416 0 5 28              0.40088416081340483 10
2866 1421 0 0 28              0.40088416081340483 9
2866 1421 0 0 28              0.40088416081340483 9
2866 1421 0 0 28              0.40088416081340483 9
2866 1421 0 0 28              0.40088416081340483 9
2866 1421 0 4 24              0.40088832392018325 9
2866 1425 0 0 24              0.40088832392018325 8
2866 1425 0 0 24              0.40088832392018325 8
2866 1425 0 0 24              0.40088832392018325 8
2866 1425 0 0 24              0.40088832392018325 8
2866 1425 0 0 24              0.40088832392018325 8
2866 1425 0 5 19              0.4008927041591992 8
2866 1430 0 0 19              0.4008927041591992 7
2866 1430 0 0 19              0.4008927041591992 7
2866 1430 0 0 19              0.4008927041591992 7
2866 1430 0 0 19              0.4008927041591992 7
2866 1430 0 0 19              0.4008927041591992 7
2866 1430 0 0 19              0.4008927041591992 7
2866 1430 0 3 16              0.4008974856256202 7
2866 1433 0 0 16              0.4008974856256202 6
2866 1433 0 0 16              0.4008974856256202 6
2866 1433 0 0 16              0.4008974856256202 6
2866 1433 0 0 16              0.4008974856256202 6
2866 1433 0 0 16              0.4008974856256202 6
2866 1433 0 0 16              0.4008974856256202 6
2866 1433 0 0 16              0.4008974856256202 6
2866 1433 0 0 16              0.4008974856256202 6
2866 1433 0 0 16              0.4008974856256202 6
2866 1433 0 2 14              0.40089846007056984 6
828 827 1000 1433.0 163.11551140349172
new call
1257 0 608 2 647              0.40333398529625875 0
1257 610 161 1 485              0.4037394670484993 317
1257 610 37 1 123              0.4034456007462559 78
1257 610 7 4 26              0.4033572651968722 17
1257 621 4 4 18              0.4033938515753448 13
635 634 1000 628.5 131.18416390299268
